2025-06-07 16:25:31,829 [INFO] Activator:176 - 


2025-06-07 16:25:31,829 [INFO] Activator:177 - !SESSION log4j initialized
2025-06-07 16:25:33,962 [INFO] LogOutputStream:77 - [STDOUT_REDIRECT] 
2025-06-07 16:25:35,281 [INFO] ApplicationProperties:184 - Using Application install path: E:\APPLICATION\APPLICATION_SOURCE\STM32CubeIDEsetting\STM32CubeIDE_1.18.0\STM32CubeIDE\plugins\com.st.stm32cube.common.mx_6.14.0.202502271554
2025-06-07 16:25:35,292 [INFO] DbMcusXml:78 - Set database path to: E:\APPLICATION\APPLICATION_SOURCE\STM32CubeIDEsetting\STM32CubeIDE_1.18.0\STM32CubeIDE\plugins\com.st.stm32cube.common.mx_6.14.0.202502271554\\db\/mcu/
2025-06-07 16:25:35,292 [INFO] ApiDb:274 - Set plugin database path to: E:\APPLICATION\APPLICATION_SOURCE\STM32CubeIDEsetting\STM32CubeIDE_1.18.0\STM32CubeIDE\plugins\com.st.stm32cube.common.mx_6.14.0.202502271554\\db\/plugins/boardmanager/
2025-06-07 16:25:35,293 [WARN] ApiDb:259 - Overriding images path with different value:  => E:\APPLICATION\APPLICATION_SOURCE\STM32CubeIDEsetting\STM32CubeIDE_1.18.0\STM32CubeIDE\plugins\com.st.stm32cube.common.mx_6.14.0.202502271554\\db\/plugins/mcufinder/images/
2025-06-07 16:25:35,297 [INFO] ApiDb:250 - Set database path to: C:\Users\ADMIN\.stmcufinder\plugins\mcufinder//mcu/
2025-06-07 16:25:35,298 [INFO] DbMcusAds:125 - Set database path to: C:\Users\ADMIN\.stmcufinder\plugins\mcufinder//mcu/
2025-06-07 16:25:35,299 [INFO] CrossReferenceDbSqlite:203 - Set database path to: C:\Users\ADMIN\.stmcufinder\plugins\mcufinder//mcu/cs/
2025-06-07 16:25:35,385 [INFO] RulesReader:64 - Compatibility file has been processed (301 Rules)
2025-06-07 16:25:35,445 [INFO] DbMcusXml:78 - Set database path to: E:\APPLICATION\APPLICATION_SOURCE\STM32CubeIDEsetting\STM32CubeIDE_1.18.0\STM32CubeIDE\plugins\com.st.stm32cube.common.mx_6.14.0.202502271554\\db\/mcu/
2025-06-07 16:25:35,445 [INFO] ApiDb:274 - Set plugin database path to: E:\APPLICATION\APPLICATION_SOURCE\STM32CubeIDEsetting\STM32CubeIDE_1.18.0\STM32CubeIDE\plugins\com.st.stm32cube.common.mx_6.14.0.202502271554\\db\/plugins/boardmanager/
2025-06-07 16:25:35,445 [INFO] ApiDb:261 - Set plugin images path to: E:\APPLICATION\APPLICATION_SOURCE\STM32CubeIDEsetting\STM32CubeIDE_1.18.0\STM32CubeIDE\plugins\com.st.stm32cube.common.mx_6.14.0.202502271554\\db\/plugins/mcufinder/images/
2025-06-07 16:25:35,446 [WARN] DbFile:41 - Overriding database path with different value: C:\Users\ADMIN\.stmcufinder\plugins\mcufinder/ => C:\Users\ADMIN\.stmcufinder\plugins\mcufinder
2025-06-07 16:25:35,446 [INFO] ApiDb:250 - Set database path to: C:\Users\ADMIN\.stmcufinder\plugins\mcufinder//mcu/
2025-06-07 16:25:35,446 [WARN] DbFile:41 - Overriding database path with different value: C:\Users\ADMIN\.stmcufinder\plugins\mcufinder/ => C:\Users\ADMIN\.stmcufinder\plugins\mcufinder
2025-06-07 16:25:35,446 [INFO] DbMcusAds:125 - Set database path to: C:\Users\ADMIN\.stmcufinder\plugins\mcufinder//mcu/
2025-06-07 16:25:35,446 [WARN] DbFile:41 - Overriding database path with different value: C:\Users\ADMIN\.stmcufinder\plugins\mcufinder/ => C:\Users\ADMIN\.stmcufinder\plugins\mcufinder
2025-06-07 16:25:35,446 [WARN] DbFile:41 - Overriding database path with different value: C:\Users\ADMIN\.stmcufinder\plugins\mcufinder/ => C:\Users\ADMIN\.stmcufinder\plugins\mcufinder
2025-06-07 16:25:35,446 [INFO] CrossReferenceDbSqlite:203 - Set database path to: C:\Users\ADMIN\.stmcufinder\plugins\mcufinder//mcu/cs/
2025-06-07 16:25:35,497 [INFO] MainPanel:272 - HeapMemory: 268435456
2025-06-07 16:25:35,563 [INFO] DbMcusXml:78 - Set database path to: E:\APPLICATION\APPLICATION_SOURCE\STM32CubeIDEsetting\STM32CubeIDE_1.18.0\STM32CubeIDE\plugins\com.st.stm32cube.common.mx_6.14.0.202502271554\\db\/mcu/
2025-06-07 16:25:35,563 [INFO] ApiDb:274 - Set plugin database path to: E:\APPLICATION\APPLICATION_SOURCE\STM32CubeIDEsetting\STM32CubeIDE_1.18.0\STM32CubeIDE\plugins\com.st.stm32cube.common.mx_6.14.0.202502271554\\db\/plugins/boardmanager/
2025-06-07 16:25:35,563 [INFO] ApiDb:261 - Set plugin images path to: E:\APPLICATION\APPLICATION_SOURCE\STM32CubeIDEsetting\STM32CubeIDE_1.18.0\STM32CubeIDE\plugins\com.st.stm32cube.common.mx_6.14.0.202502271554\\db\/plugins/mcufinder/images/
2025-06-07 16:25:35,564 [WARN] DbFile:41 - Overriding database path with different value: C:\Users\ADMIN\.stmcufinder\plugins\mcufinder/ => C:\Users\ADMIN\.stmcufinder\plugins\mcufinder
2025-06-07 16:25:35,564 [INFO] ApiDb:250 - Set database path to: C:\Users\ADMIN\.stmcufinder\plugins\mcufinder//mcu/
2025-06-07 16:25:35,564 [WARN] DbFile:41 - Overriding database path with different value: C:\Users\ADMIN\.stmcufinder\plugins\mcufinder/ => C:\Users\ADMIN\.stmcufinder\plugins\mcufinder
2025-06-07 16:25:35,564 [INFO] DbMcusAds:125 - Set database path to: C:\Users\ADMIN\.stmcufinder\plugins\mcufinder//mcu/
2025-06-07 16:25:35,564 [WARN] DbFile:41 - Overriding database path with different value: C:\Users\ADMIN\.stmcufinder\plugins\mcufinder/ => C:\Users\ADMIN\.stmcufinder\plugins\mcufinder
2025-06-07 16:25:35,564 [WARN] DbFile:41 - Overriding database path with different value: C:\Users\ADMIN\.stmcufinder\plugins\mcufinder/ => C:\Users\ADMIN\.stmcufinder\plugins\mcufinder
2025-06-07 16:25:35,564 [INFO] CrossReferenceDbSqlite:203 - Set database path to: C:\Users\ADMIN\.stmcufinder\plugins\mcufinder//mcu/cs/
2025-06-07 16:25:35,580 [INFO] ApplicationProperties:184 - Using Application install path: E:\APPLICATION\APPLICATION_SOURCE\STM32CubeIDEsetting\STM32CubeIDE_1.18.0\STM32CubeIDE\plugins\com.st.stm32cube.common.mx_6.14.0.202502271554
2025-06-07 16:25:35,581 [INFO] PluginManage:196 - Search for loadable plugins [exclusion list=, ]
2025-06-07 16:25:35,582 [INFO] PluginManage:310 - Check plugin analytics
2025-06-07 16:25:35,738 [INFO] AnalyticsPlugin:253 - Accepted Software Licenses: 
2025-06-07 16:25:35,738 [INFO] AnalyticsPlugin:255 - Accepted CMSIS Pack Licenses: 
2025-06-07 16:25:35,738 [INFO] AnalyticsPlugin:257 - Accepted Firmware Licenses: FW.F4.1.28.0
2025-06-07 16:25:35,741 [INFO] PluginManage:359 - Loaded plugin analytics (category:tool,tabindex:-1)
2025-06-07 16:25:35,741 [INFO] PluginManage:310 - Check plugin cadmodel
2025-06-07 16:25:35,744 [INFO] CADModel:105 - Init CAD model plugin
2025-06-07 16:25:35,745 [INFO] PluginManage:359 - Loaded plugin cadmodel (category:power,tabindex:5)
2025-06-07 16:25:35,745 [INFO] PluginManage:310 - Check plugin clock
2025-06-07 16:25:35,752 [INFO] PluginManage:359 - Loaded plugin clock (category:base,tabindex:2)
2025-06-07 16:25:35,753 [INFO] PluginManage:310 - Check plugin ddr
2025-06-07 16:25:35,754 [INFO] PluginManage:359 - Loaded plugin ddr (category:tool,tabindex:6)
2025-06-07 16:25:35,754 [INFO] PluginManage:310 - Check plugin filemanager
2025-06-07 16:25:35,932 [INFO] PluginManage:359 - Loaded plugin filemanager (category:base,tabindex:10)
2025-06-07 16:25:35,932 [INFO] PluginManage:310 - Check plugin ipmanager
2025-06-07 16:25:35,938 [INFO] PluginManage:359 - Loaded plugin ipmanager (category:base,tabindex:5)
2025-06-07 16:25:35,938 [INFO] PluginManage:310 - Check plugin lpbam
2025-06-07 16:25:35,947 [INFO] PluginManage:359 - Loaded plugin lpbam (category:base,tabindex:0)
2025-06-07 16:25:35,947 [INFO] PluginManage:310 - Check plugin memorymap
2025-06-07 16:25:35,957 [INFO] PluginManage:359 - Loaded plugin memorymap (category:base,tabindex:4)
2025-06-07 16:25:35,957 [INFO] PluginManage:310 - Check plugin pinoutandconfiguration
2025-06-07 16:25:35,962 [INFO] PluginManage:359 - Loaded plugin pinoutandconfiguration (category:base,tabindex:1)
2025-06-07 16:25:35,963 [INFO] PluginManage:310 - Check plugin pinoutconfig
2025-06-07 16:25:36,022 [WARN] SupportedApi:132 - Cannot load RTOS API schema: s4s-elt-must-match.1: The content of 'definitions' must match (annotation?, (simpleType | complexType)?, (unique | key | keyref)*)). A problem was found starting at: attribute.
2025-06-07 16:25:36,104 [INFO] PluginManage:359 - Loaded plugin pinoutconfig (category:base,tabindex:0)
2025-06-07 16:25:36,104 [INFO] PluginManage:310 - Check plugin power
2025-06-07 16:25:36,108 [INFO] PluginManage:359 - Loaded plugin power (category:power,tabindex:4)
2025-06-07 16:25:36,109 [INFO] PluginManage:310 - Check plugin projectmanager
2025-06-07 16:25:36,119 [INFO] PluginManage:359 - Loaded plugin projectmanager (category:projectmanager,tabindex:4)
2025-06-07 16:25:36,119 [INFO] PluginManage:310 - Check plugin rif
2025-06-07 16:25:36,123 [INFO] PluginManage:359 - Loaded plugin rif (category:base,tabindex:3)
2025-06-07 16:25:36,123 [INFO] PluginManage:310 - Check plugin thirdparty
2025-06-07 16:25:36,211 [WARN] IntegrityCheckThread:84 - waiting for thirdparty lock release [integrity check]
2025-06-07 16:25:36,211 [INFO] IntegrityCheckThread:86 - entering critical section [integrity check]
2025-06-07 16:25:36,211 [INFO] ThirdPartyUpdaterWithRetryManager:70 - Updater plugin not ready yet. [1/15]
2025-06-07 16:25:36,212 [INFO] PluginManage:359 - Loaded plugin thirdparty (category:base,tabindex:-1)
2025-06-07 16:25:36,212 [INFO] PluginManage:310 - Check plugin tools
2025-06-07 16:25:36,215 [INFO] PluginManage:359 - Loaded plugin tools (category:base,tabindex:7)
2025-06-07 16:25:36,215 [INFO] PluginManage:310 - Check plugin tutovideos
2025-06-07 16:25:36,317 [INFO] PluginManage:359 - Loaded plugin tutovideos (category:base,tabindex:-1)
2025-06-07 16:25:36,318 [INFO] PluginManage:310 - Check plugin updater
2025-06-07 16:25:36,336 [INFO] PluginManage:359 - Loaded plugin updater (category:base,tabindex:12)
2025-06-07 16:25:36,336 [INFO] PluginManage:310 - Check plugin userauth
2025-06-07 16:25:36,339 [INFO] UserAuth:118 - Init User Auth plugin
2025-06-07 16:25:36,340 [INFO] PluginManage:359 - Loaded plugin userauth (category:base,tabindex:14)
2025-06-07 16:25:36,341 [INFO] PluginManage:283 - PluginManage : Loaded plugins [18]
2025-06-07 16:25:36,510 [INFO] PinOutPanel:1589 - setPackage(No Configuration,No Configuration)
2025-06-07 16:25:36,577 [INFO] CADModel:165 - CPN selected for project level
2025-06-07 16:25:36,577 [INFO] CADModel:114 - Register for checkConnection events
2025-06-07 16:25:36,586 [INFO] IPUIPlugin:80 - create IPUIPlugin
2025-06-07 16:25:36,587 [INFO] PluginManager:220 - loadIPPluginJar : add adc
2025-06-07 16:25:36,588 [INFO] IPUIPlugin:80 - create IPUIPlugin
2025-06-07 16:25:36,588 [INFO] PluginManager:220 - loadIPPluginJar : add aes
2025-06-07 16:25:36,590 [INFO] IPUIPlugin:80 - create IPUIPlugin
2025-06-07 16:25:36,590 [INFO] PluginManager:220 - loadIPPluginJar : add can
2025-06-07 16:25:36,591 [INFO] IPUIPlugin:80 - create IPUIPlugin
2025-06-07 16:25:36,591 [INFO] PluginManager:220 - loadIPPluginJar : add comp
2025-06-07 16:25:36,593 [INFO] IPUIPlugin:80 - create IPUIPlugin
2025-06-07 16:25:36,593 [INFO] PluginManager:220 - loadIPPluginJar : add cryp
2025-06-07 16:25:36,594 [INFO] IPUIPlugin:80 - create IPUIPlugin
2025-06-07 16:25:36,594 [INFO] PluginManager:220 - loadIPPluginJar : add ddr_ctrl_phy
2025-06-07 16:25:36,595 [INFO] IPUIPlugin:80 - create IPUIPlugin
2025-06-07 16:25:36,595 [INFO] PluginManager:220 - loadIPPluginJar : add dfsdm
2025-06-07 16:25:36,598 [INFO] IPUIPlugin:80 - create IPUIPlugin
2025-06-07 16:25:36,599 [INFO] PluginManager:220 - loadIPPluginJar : add dma
2025-06-07 16:25:36,600 [INFO] IPUIPlugin:80 - create IPUIPlugin
2025-06-07 16:25:36,600 [INFO] PluginManager:220 - loadIPPluginJar : add dma3
2025-06-07 16:25:36,602 [INFO] IPUIPlugin:80 - create IPUIPlugin
2025-06-07 16:25:36,602 [INFO] PluginManager:220 - loadIPPluginJar : add extmemmanager
2025-06-07 16:25:36,602 [INFO] IPUIPlugin:80 - create IPUIPlugin
2025-06-07 16:25:36,603 [INFO] PluginManager:220 - loadIPPluginJar : add fatfs
2025-06-07 16:25:36,605 [INFO] IPUIPlugin:80 - create IPUIPlugin
2025-06-07 16:25:36,605 [INFO] PluginManager:220 - loadIPPluginJar : add fmc
2025-06-07 16:25:36,608 [INFO] IPUIPlugin:80 - create IPUIPlugin
2025-06-07 16:25:36,608 [INFO] PluginManager:220 - loadIPPluginJar : add freertos
2025-06-07 16:25:36,609 [INFO] IPUIPlugin:80 - create IPUIPlugin
2025-06-07 16:25:36,609 [INFO] PluginManager:220 - loadIPPluginJar : add genericplugin
2025-06-07 16:25:36,610 [INFO] IPUIPlugin:80 - create IPUIPlugin
2025-06-07 16:25:36,610 [INFO] PluginManager:220 - loadIPPluginJar : add gfxmmu
2025-06-07 16:25:36,613 [INFO] IPUIPlugin:80 - create IPUIPlugin
2025-06-07 16:25:36,613 [INFO] PluginManager:220 - loadIPPluginJar : add gic
2025-06-07 16:25:36,615 [INFO] IPUIPlugin:80 - create IPUIPlugin
2025-06-07 16:25:36,615 [INFO] PluginManager:220 - loadIPPluginJar : add gpio
2025-06-07 16:25:36,616 [INFO] IPUIPlugin:80 - create IPUIPlugin
2025-06-07 16:25:36,616 [INFO] PluginManager:220 - loadIPPluginJar : add gtzc
2025-06-07 16:25:36,617 [INFO] IPUIPlugin:80 - create IPUIPlugin
2025-06-07 16:25:36,617 [INFO] PluginManager:220 - loadIPPluginJar : add hash
2025-06-07 16:25:36,619 [INFO] IPUIPlugin:80 - create IPUIPlugin
2025-06-07 16:25:36,619 [INFO] PluginManager:220 - loadIPPluginJar : add i2c
2025-06-07 16:25:36,621 [INFO] IPUIPlugin:80 - create IPUIPlugin
2025-06-07 16:25:36,621 [INFO] PluginManager:220 - loadIPPluginJar : add i2s
2025-06-07 16:25:36,623 [INFO] IPUIPlugin:80 - create IPUIPlugin
2025-06-07 16:25:36,623 [INFO] PluginManager:220 - loadIPPluginJar : add i3c
2025-06-07 16:25:36,625 [INFO] IPUIPlugin:80 - create IPUIPlugin
2025-06-07 16:25:36,625 [INFO] PluginManager:220 - loadIPPluginJar : add ipddr
2025-06-07 16:25:36,629 [INFO] IPUIPlugin:80 - create IPUIPlugin
2025-06-07 16:25:36,629 [INFO] PluginManager:220 - loadIPPluginJar : add linkedlist
2025-06-07 16:25:36,631 [INFO] IPUIPlugin:80 - create IPUIPlugin
2025-06-07 16:25:36,631 [INFO] PluginManager:220 - loadIPPluginJar : add lorawan
2025-06-07 16:25:36,632 [INFO] IPUIPlugin:80 - create IPUIPlugin
2025-06-07 16:25:36,632 [INFO] PluginManager:220 - loadIPPluginJar : add ltdc
2025-06-07 16:25:36,635 [INFO] IPUIPlugin:80 - create IPUIPlugin
2025-06-07 16:25:36,635 [INFO] PluginManager:220 - loadIPPluginJar : add mdma
2025-06-07 16:25:36,637 [INFO] IPUIPlugin:80 - create IPUIPlugin
2025-06-07 16:25:36,637 [INFO] PluginManager:220 - loadIPPluginJar : add nvic
2025-06-07 16:25:36,638 [INFO] IPUIPlugin:80 - create IPUIPlugin
2025-06-07 16:25:36,639 [INFO] PluginManager:220 - loadIPPluginJar : add opamp
2025-06-07 16:25:36,641 [INFO] IPUIPlugin:80 - create IPUIPlugin
2025-06-07 16:25:36,641 [INFO] PluginManager:220 - loadIPPluginJar : add openamp
2025-06-07 16:25:36,643 [INFO] IPUIPlugin:80 - create IPUIPlugin
2025-06-07 16:25:36,643 [INFO] PluginManager:220 - loadIPPluginJar : add pdm2pcm
2025-06-07 16:25:36,647 [INFO] IPUIPlugin:80 - create IPUIPlugin
2025-06-07 16:25:36,649 [INFO] PluginManager:220 - loadIPPluginJar : add plateformsettings
2025-06-07 16:25:36,650 [INFO] IPUIPlugin:80 - create IPUIPlugin
2025-06-07 16:25:36,650 [INFO] PluginManager:220 - loadIPPluginJar : add quadspi
2025-06-07 16:25:36,652 [INFO] IPUIPlugin:80 - create IPUIPlugin
2025-06-07 16:25:36,652 [INFO] PluginManager:220 - loadIPPluginJar : add radio
2025-06-07 16:25:36,654 [INFO] IPUIPlugin:80 - create IPUIPlugin
2025-06-07 16:25:36,654 [INFO] PluginManager:220 - loadIPPluginJar : add resmgrutility
2025-06-07 16:25:36,656 [INFO] IPUIPlugin:80 - create IPUIPlugin
2025-06-07 16:25:36,656 [INFO] PluginManager:220 - loadIPPluginJar : add sai
2025-06-07 16:25:36,659 [INFO] IPUIPlugin:80 - create IPUIPlugin
2025-06-07 16:25:36,659 [INFO] PluginManager:220 - loadIPPluginJar : add spi
2025-06-07 16:25:36,663 [INFO] IPUIPlugin:80 - create IPUIPlugin
2025-06-07 16:25:36,663 [INFO] PluginManager:220 - loadIPPluginJar : add stm32_wpan
2025-06-07 16:25:36,664 [INFO] IPUIPlugin:80 - create IPUIPlugin
2025-06-07 16:25:36,664 [INFO] PluginManager:220 - loadIPPluginJar : add tim
2025-06-07 16:25:36,667 [INFO] IPUIPlugin:80 - create IPUIPlugin
2025-06-07 16:25:36,667 [INFO] PluginManager:220 - loadIPPluginJar : add touchsensing
2025-06-07 16:25:36,669 [INFO] IPUIPlugin:80 - create IPUIPlugin
2025-06-07 16:25:36,669 [INFO] PluginManager:220 - loadIPPluginJar : add tracer_emb
2025-06-07 16:25:36,670 [INFO] IPUIPlugin:80 - create IPUIPlugin
2025-06-07 16:25:36,670 [INFO] PluginManager:220 - loadIPPluginJar : add ts
2025-06-07 16:25:36,671 [INFO] IPUIPlugin:80 - create IPUIPlugin
2025-06-07 16:25:36,671 [INFO] PluginManager:220 - loadIPPluginJar : add tsc
2025-06-07 16:25:36,672 [INFO] IPUIPlugin:80 - create IPUIPlugin
2025-06-07 16:25:36,672 [INFO] PluginManager:220 - loadIPPluginJar : add ucpd
2025-06-07 16:25:36,673 [INFO] IPUIPlugin:80 - create IPUIPlugin
2025-06-07 16:25:36,673 [INFO] PluginManager:220 - loadIPPluginJar : add usart
2025-06-07 16:25:36,676 [INFO] IPUIPlugin:80 - create IPUIPlugin
2025-06-07 16:25:36,676 [INFO] PluginManager:220 - loadIPPluginJar : add usbx
2025-06-07 16:25:36,788 [FATAL] Updater:351 - Updater called before beeing initialized
2025-06-07 16:25:36,806 [INFO] RulesReader:64 - Compatibility file has been processed (301 Rules)
2025-06-07 16:25:36,813 [INFO] RulesReader:64 - Compatibility file has been processed (301 Rules)
2025-06-07 16:25:36,821 [INFO] CADModel:165 - CPN selected for project level
2025-06-07 16:25:36,821 [INFO] CADModel:114 - Register for checkConnection events
2025-06-07 16:25:36,821 [FATAL] Updater:351 - Updater called before beeing initialized
2025-06-07 16:25:36,821 [ERROR] CADModel:125 - Updater not yet initialized, retry later 
2025-06-07 16:25:36,918 [FATAL] Updater:351 - Updater called before beeing initialized
2025-06-07 16:25:36,919 [INFO] CADModel:165 - CPN selected for project level
2025-06-07 16:25:36,919 [INFO] CADModel:114 - Register for checkConnection events
2025-06-07 16:25:36,919 [FATAL] Updater:351 - Updater called before beeing initialized
2025-06-07 16:25:36,919 [ERROR] CADModel:125 - Updater not yet initialized, retry later 
2025-06-07 16:25:36,921 [FATAL] Updater:351 - Updater called before beeing initialized
2025-06-07 16:25:36,990 [FATAL] Updater:351 - Updater called before beeing initialized
2025-06-07 16:25:36,993 [INFO] DbMcusAds:53 - JSON generation date=Wed May 07 16:07:55 ICT 2025 (1746608875679)
2025-06-07 16:25:36,993 [FATAL] Updater:351 - Updater called before beeing initialized
2025-06-07 16:25:37,016 [WARN] DetailPanel:346 - Failed to get advertising image, set to default
2025-06-07 16:25:37,209 [FATAL] Updater:351 - Updater called before beeing initialized
2025-06-07 16:25:37,211 [FATAL] Updater:351 - Updater called before beeing initialized
2025-06-07 16:25:37,211 [FATAL] Updater:351 - Updater called before beeing initialized
2025-06-07 16:25:37,211 [WARN] DetailPanel:346 - Failed to get advertising image, set to default
2025-06-07 16:25:37,212 [FATAL] Updater:351 - Updater called before beeing initialized
2025-06-07 16:25:37,260 [ERROR] Updater:1198 - MainUpdater not yet initialized. External WinMGr cannot be set.
2025-06-07 16:25:37,262 [INFO] Updater:1134 - Updater Version found : 6.14.0
2025-06-07 16:25:37,275 [INFO] ApplicationProperties:184 - Using Application install path: E:\APPLICATION\APPLICATION_SOURCE\STM32CubeIDEsetting\STM32CubeIDE_1.18.0\STM32CubeIDE\plugins\com.st.stm32cube.common.mx_6.14.0.202502271554
2025-06-07 16:25:37,490 [INFO] MainUpdater:2872 - connection check result : 10
2025-06-07 16:25:37,491 [INFO] MainUpdater:289 - Updater Check For Update Now.
2025-06-07 16:25:37,491 [INFO] MicroXplorer:498 - Change Database Version : DB.6.0.140
2025-06-07 16:25:37,495 [INFO] McuFinderGlobals:63 - Set McuFinder mode to 2 (CubeIDE integrated)
2025-06-07 16:25:37,495 [INFO] UserAuth:486 - Internet connection configuration mode: 1
2025-06-07 16:25:37,517 [INFO] JxBrowserEngine:152 - Initiate JxBrowser Engine with user profile folder
2025-06-07 16:25:37,665 [INFO] CheckServerUpdateThread:120 - End of CheckServer Thread
2025-06-07 16:25:38,002 [INFO] WebApp:169 - Instantiating new browser for Auth
2025-06-07 16:25:38,515 [INFO] WebApp:463 - Apply proxy settings
2025-06-07 16:25:38,516 [INFO] WebApp:548 - Chromium requires no authentication
2025-06-07 16:25:38,521 [INFO] WebApp:491 - Direct internet connection detected
2025-06-07 16:25:38,535 [INFO] WebApp:894 - Register for checkConnection events
2025-06-07 16:25:38,535 [INFO] WebApp:463 - Apply proxy settings
2025-06-07 16:25:38,535 [INFO] WebApp:548 - Chromium requires no authentication
2025-06-07 16:25:38,536 [INFO] WebApp:491 - Direct internet connection detected
2025-06-07 16:25:38,647 [INFO] WebApp:225 - Starting web application
2025-06-07 16:25:38,647 [INFO] WebApp:593 - Web application path used E:\APPLICATION\APPLICATION_SOURCE\STM32CubeIDEsetting\STM32CubeIDE_1.18.0\STM32CubeIDE\plugins\com.st.stm32cube.common.mx_6.14.0.202502271554\db\plugins\mcufinder\reactClient1\index.html
2025-06-07 16:25:38,720 [INFO] UserAuth:486 - Internet connection configuration mode: 1
2025-06-07 16:25:38,780 [INFO] WebApp:191 - Connection restablished
2025-06-07 16:25:39,357 [WARN] PackLoader:240 - Cannot read IP mode file for STMicroelectronics.FP-SNS-MOTENVWB1.1.4.0
2025-06-07 16:25:39,365 [WARN] PackLoader:240 - Cannot read IP mode file for STMicroelectronics.FP-ATR-ASTRA1.2.0.2
2025-06-07 16:25:39,372 [WARN] PackLoader:240 - Cannot read IP mode file for STMicroelectronics.X-CUBE-SMBUS.2.1.0
2025-06-07 16:25:39,378 [WARN] PackLoader:240 - Cannot read IP mode file for STMicroelectronics.X-CUBE-WB05N.1.1.0
2025-06-07 16:25:39,383 [WARN] PackLoader:240 - Cannot read IP mode file for STMicroelectronics.X-CUBE-ST60.1.0.0
2025-06-07 16:25:39,418 [WARN] PackLoader:240 - Cannot read IP mode file for STMicroelectronics.X-CUBE-AZRTOS-F7.1.1.0
2025-06-07 16:25:39,449 [WARN] PackLoader:240 - Cannot read IP mode file for Infineon.AIROC-Wi-Fi-Bluetooth-STM32.1.7.0
2025-06-07 16:25:39,462 [WARN] PackLoader:240 - Cannot read IP mode file for STMicroelectronics.X-CUBE-DISPLAY.3.0.0
2025-06-07 16:25:39,473 [WARN] PackLoader:240 - Cannot read IP mode file for STMicroelectronics.X-CUBE-NFC10.1.0.0
2025-06-07 16:25:39,492 [WARN] PackLoader:240 - Cannot read IP mode file for STMicroelectronics.X-CUBE-BLEMGR.4.0.0
2025-06-07 16:25:39,502 [WARN] PackLoader:240 - Cannot read IP mode file for emotas.I-CUBE-CANOPEN.1.3.0
2025-06-07 16:25:39,506 [WARN] ConditionMgr:438 - getConditionDescription Invalid condition id : Cortex-A Device cause : null
2025-06-07 16:25:39,522 [WARN] ConditionMgr:1044 - genDependencies : Invalid condition id : Cortex-A Device cause : null
2025-06-07 16:25:39,522 [WARN] ConditionMgr:1044 - genDependencies : Invalid condition id : Cortex-A Device cause : null
2025-06-07 16:25:39,522 [WARN] ConditionMgr:1044 - genDependencies : Invalid condition id : Cortex-A Device cause : null
2025-06-07 16:25:39,526 [WARN] PackLoader:240 - Cannot read IP mode file for STMicroelectronics.X-CUBE-AI.10.0.0
2025-06-07 16:25:39,532 [WARN] PackLoader:240 - Cannot read IP mode file for STMicroelectronics.FP-SNS-SMARTAG2.1.2.0
2025-06-07 16:25:39,536 [WARN] PackLoader:240 - Cannot read IP mode file for STMicroelectronics.FP-SNS-FLIGHT1.5.1.0
2025-06-07 16:25:39,577 [WARN] PackLoader:240 - Cannot read IP mode file for STMicroelectronics.X-CUBE-MEMS1.11.1.0
2025-06-07 16:25:39,711 [INFO] LogOutputStream:77 - [STDOUT_REDIRECT] 1 : Invalid condition id : UX_CORESTACK_Condition cause : null
2025-06-07 16:25:39,712 [INFO] LogOutputStream:77 - [STDOUT_REDIRECT] 1 : Invalid condition id : UX_CORESTACK_Condition cause : null
2025-06-07 16:25:39,713 [INFO] LogOutputStream:77 - [STDOUT_REDIRECT] 1 : Invalid condition id : UX_CORESTACK_Condition cause : null
2025-06-07 16:25:39,714 [INFO] LogOutputStream:77 - [STDOUT_REDIRECT] 1 : Invalid condition id : UX_CORESTACK_Condition cause : null
2025-06-07 16:25:39,715 [INFO] LogOutputStream:77 - [STDOUT_REDIRECT] 1 : Invalid condition id : UX_CORESTACK_Condition cause : null
2025-06-07 16:25:39,716 [WARN] PackLoader:240 - Cannot read IP mode file for STMicroelectronics.X-CUBE-AZRTOS-WL.2.0.0
2025-06-07 16:25:39,721 [WARN] PackLoader:240 - Cannot read IP mode file for STMicroelectronics.FP-SNS-MOTENV1.5.0.0
2025-06-07 16:25:39,729 [WARN] PackLoader:240 - Cannot read IP mode file for WES.I-CUBE-Cesium.1.3.0
2025-06-07 16:25:39,733 [WARN] PackLoader:240 - Cannot read IP mode file for STMicroelectronics.X-CUBE-BLE2.3.3.0
2025-06-07 16:25:39,737 [WARN] PackLoader:240 - Cannot read IP mode file for STMicroelectronics.X-CUBE-NFC9.1.0.0
2025-06-07 16:25:39,742 [WARN] PackLoader:240 - Cannot read IP mode file for STMicroelectronics.X-CUBE-BLE1.7.1.0
2025-06-07 16:25:39,748 [WARN] PackLoader:240 - Cannot read IP mode file for wolfSSL.I-CUBE-wolfMQTT.1.19.2
2025-06-07 16:25:39,751 [WARN] PackLoader:240 - Cannot read IP mode file for STMicroelectronics.X-CUBE-AI.10.1.0
2025-06-07 16:25:39,799 [WARN] PackLoader:240 - Cannot read IP mode file for STMicroelectronics.X-CUBE-MEMS1.11.2.0
2025-06-07 16:25:39,936 [WARN] PackLoader:240 - Cannot read IP mode file for STMicroelectronics.X-CUBE-AZRTOS-G0.1.1.0
2025-06-07 16:25:39,941 [WARN] PackLoader:240 - Cannot read IP mode file for STMicroelectronics.X-CUBE-SAFEA1.1.2.2
2025-06-07 16:25:39,946 [WARN] PackLoader:240 - Cannot read IP mode file for STMicroelectronics.X-CUBE-NFC4.3.0.0
2025-06-07 16:25:39,953 [WARN] PackLoader:240 - Cannot read IP mode file for EmbeddedOffice.I-CUBE-FS-RTOS.1.0.1
2025-06-07 16:25:39,959 [WARN] PackLoader:240 - Cannot read IP mode file for STMicroelectronics.X-CUBE-WB05N.2.0.0
2025-06-07 16:25:39,965 [WARN] PackLoader:240 - Cannot read IP mode file for wolfSSL.I-CUBE-wolfTPM.3.8.0
2025-06-07 16:25:39,970 [WARN] PackLoader:240 - Cannot read IP mode file for STMicroelectronics.X-CUBE-TCPP.4.2.0
2025-06-07 16:25:39,975 [WARN] PackLoader:240 - Cannot read IP mode file for RealThread.X-CUBE-RT-Thread_Nano.4.1.1
2025-06-07 16:25:39,979 [WARN] PackLoader:240 - Cannot read IP mode file for STMicroelectronics.FP-ATR-SIGFOX1.3.2.0
2025-06-07 16:25:39,985 [WARN] PackLoader:240 - Cannot read IP mode file for STMicroelectronics.X-CUBE-EEPRMA1.5.1.0
2025-06-07 16:25:39,988 [WARN] PackLoader:240 - Cannot read IP mode file for wolfSSL.I-CUBE-wolfSSL.5.7.6
2025-06-07 16:25:39,992 [WARN] PackLoader:240 - Cannot read IP mode file for ITTIA_DB.I-CUBE-ITTIADB.8.9.0
2025-06-07 16:25:39,998 [WARN] PackLoader:240 - Cannot read IP mode file for STMicroelectronics.X-CUBE-ST67W61.1.0.0
2025-06-07 16:25:40,026 [WARN] PackLoader:240 - Cannot read IP mode file for SEGGER.I-CUBE-embOS.1.3.1
2025-06-07 16:25:40,057 [WARN] PackLoader:240 - Cannot read IP mode file for STMicroelectronics.X-CUBE-ALGOBUILD.1.4.0
2025-06-07 16:25:40,071 [WARN] PackLoader:240 - Cannot read IP mode file for STMicroelectronics.X-CUBE-AZRTOS-F4.1.1.0
2025-06-07 16:25:40,074 [WARN] PackLoader:240 - Cannot read IP mode file for Avnet-IotConnect.X-CUBE-IoTC-DA16k-PMOD.1.0.0
2025-06-07 16:25:40,077 [WARN] PackLoader:240 - Cannot read IP mode file for STMicroelectronics.X-CUBE-ISPU.2.1.0
2025-06-07 16:25:40,086 [WARN] PackLoader:240 - Cannot read IP mode file for STMicroelectronics.X-CUBE-AZRTOS-L5.2.0.0
2025-06-07 16:25:40,091 [WARN] PackLoader:240 - Cannot read IP mode file for STMicroelectronics.X-CUBE-NFC6.3.1.0
2025-06-07 16:25:40,098 [WARN] PackLoader:240 - Cannot read IP mode file for STMicroelectronics.X-CUBE-FREERTOS.1.3.1
2025-06-07 16:25:40,102 [WARN] PackLoader:240 - Cannot read IP mode file for STMicroelectronics.X-CUBE-FREERTOS.1.3.0
2025-06-07 16:25:40,105 [WARN] PackLoader:240 - Cannot read IP mode file for STMicroelectronics.X-CUBE-NFC7.1.0.1
2025-06-07 16:25:40,109 [WARN] PackLoader:240 - Cannot read IP mode file for STMicroelectronics.X-CUBE-DPower.1.3.0
2025-06-07 16:25:40,121 [WARN] ConditionMgr:438 - getConditionDescription Invalid condition id : LAN8742 Phy interface Condition cause : null
2025-06-07 16:25:40,121 [WARN] PackLoader:240 - Cannot read IP mode file for STMicroelectronics.X-CUBE-AZRTOS-L4.2.0.0
2025-06-07 16:25:40,122 [WARN] ConditionMgr:1044 - genDependencies : Invalid condition id : LAN8742 Phy interface Condition cause : null
2025-06-07 16:25:40,122 [WARN] ConditionMgr:1044 - genDependencies : Invalid condition id : LAN8742 Phy interface Condition cause : null
2025-06-07 16:25:40,122 [WARN] ConditionMgr:1044 - genDependencies : Invalid condition id : LAN8742 Phy interface Condition cause : null
2025-06-07 16:25:40,126 [WARN] PackLoader:240 - Cannot read IP mode file for STMicroelectronics.X-CUBE-SFXS2LP1.4.0.0
2025-06-07 16:25:40,139 [WARN] PackLoader:240 - Cannot read IP mode file for STMicroelectronics.X-CUBE-AZRTOS-H7.3.3.0
2025-06-07 16:25:40,151 [WARN] ConditionMgr:438 - getConditionDescription Invalid condition id : UX DEVICE CLASS RTOS Condition cause : null
2025-06-07 16:25:40,152 [WARN] ConditionMgr:438 - getConditionDescription Invalid condition id : UX DEVICE CLASS RTOS Condition cause : null
2025-06-07 16:25:40,153 [WARN] PackLoader:240 - Cannot read IP mode file for STMicroelectronics.X-CUBE-AZRTOS-WB.2.0.0
2025-06-07 16:25:40,153 [WARN] ConditionMgr:1044 - genDependencies : Invalid condition id : UX DEVICE CLASS RTOS Condition cause : null
2025-06-07 16:25:40,153 [WARN] ConditionMgr:1044 - genDependencies : Invalid condition id : UX DEVICE CLASS RTOS Condition cause : null
2025-06-07 16:25:40,153 [WARN] ConditionMgr:1044 - genDependencies : Invalid condition id : UX DEVICE CLASS RTOS Condition cause : null
2025-06-07 16:25:40,154 [WARN] ConditionMgr:1044 - genDependencies : Invalid condition id : UX DEVICE CLASS RTOS Condition cause : null
2025-06-07 16:25:40,154 [WARN] ConditionMgr:1044 - genDependencies : Invalid condition id : UX DEVICE CLASS RTOS Condition cause : null
2025-06-07 16:25:40,157 [WARN] PackLoader:240 - Cannot read IP mode file for STMicroelectronics.X-CUBE-GNSS1.7.0.1
2025-06-07 16:25:40,161 [WARN] PackLoader:240 - Cannot read IP mode file for STMicroelectronics.X-CUBE-TOUCHGFX.4.25.0
2025-06-07 16:25:40,166 [WARN] PackLoader:240 - Cannot read IP mode file for STMicroelectronics.FP-SNS-STBOX1.2.0.0
2025-06-07 16:25:40,173 [WARN] PackLoader:240 - Cannot read IP mode file for STMicroelectronics.X-CUBE-SUBG2.5.0.0
2025-06-07 16:25:40,185 [WARN] PackLoader:240 - Cannot read IP mode file for STMicroelectronics.X-CUBE-AZRTOS-H7RS.1.1.0
2025-06-07 16:25:40,189 [WARN] PackLoader:240 - Cannot read IP mode file for Cesanta.I-CUBE-Mongoose.7.13.0
2025-06-07 16:25:40,204 [WARN] PackLoader:240 - Cannot read IP mode file for STMicroelectronics.X-CUBE-AZRTOS-G4.2.0.0
2025-06-07 16:25:40,208 [WARN] PackLoader:240 - Cannot read IP mode file for wolfSSL.I-CUBE-wolfSSH.1.4.20
2025-06-07 16:25:40,212 [WARN] PackLoader:240 - Cannot read IP mode file for STMicroelectronics.X-CUBE-NFC7.2.0.0
2025-06-07 16:25:40,219 [WARN] PackLoader:240 - Cannot read IP mode file for STMicroelectronics.X-CUBE-IPS.3.1.0
2025-06-07 16:25:40,224 [WARN] PackLoader:240 - Cannot read IP mode file for STMicroelectronics.X-CUBE-ALS.1.0.2
2025-06-07 16:25:40,229 [WARN] PackLoader:240 - Cannot read IP mode file for portGmbH.I-Cube-SoM-uGOAL.1.1.0
2025-06-07 16:25:40,236 [WARN] PackLoader:240 - Cannot read IP mode file for STMicroelectronics.X-CUBE-TOF1.3.4.2
2025-06-07 16:25:40,246 [WARN] PackLoader:240 - Cannot read IP mode file for STMicroelectronics.X-CUBE-TOF1.3.4.3
2025-06-07 16:25:40,252 [INFO] ThirdParty:978 - Integrity check success = true
2025-06-07 16:25:40,252 [INFO] IntegrityCheckThread:100 - exiting critical section [integrity check]
2025-06-07 16:25:40,252 [INFO] IntegrityCheckThread:103 - End integrity checks thread
2025-06-07 16:27:46,531 [ERROR] LogOutputStream:75 - [STDERR_REDIRECT] 
